<?xml version="1.0" encoding="UTF-8"?>
<!-- Generated by org.testng.reporters.JUnitReportReporter -->
<testsuite hostname="ISE-PC-002" name="MavenSelenium.MavenSelenium.ExtentReportsClass" tests="1" failures="0" timestamp="14 May 2019 13:27:51 GMT" time="0.012" errors="0">
  <testcase name="passTest" time="0.012" classname="MavenSelenium.MavenSelenium.ExtentReportsClass"/>
</testsuite> <!-- MavenSelenium.MavenSelenium.ExtentReportsClass -->
